# JRE version: 7.0_17-b02
# Java VM: Java HotSpot(TM) Client VM (23.7-b01 mixed mode, sharing windows-x86 )
Heap
 def new generation   total 8320K, used 2508K [0x234d0000, 0x23dd0000, 0x28a20000)
  eden space 7424K,  33% used [0x234d0000, 0x2373d530, 0x23c10000)
  from space 896K,   2% used [0x23c10000, 0x23c15c98, 0x23cf0000)
  to   space 896K,   0% used [0x23cf0000, 0x23cf0000, 0x23dd0000)
 tenured generation   total 18324K, used 14959K [0x28a20000, 0x29c05000, 0x334d0000)
   the space 18324K,  81% used [0x28a20000, 0x298bbf38, 0x298bc000, 0x29c05000)
 compacting perm gen  total 12288K, used 4305K [0x334d0000, 0x340d0000, 0x374d0000)
   the space 12288K,  35% used [0x334d0000, 0x339047f8, 0x33904800, 0x340d0000)
    ro space 10240K,  42% used [0x374d0000, 0x37911d60, 0x37911e00, 0x37ed0000)
    rw space 12288K,  54% used [0x37ed0000, 0x38552928, 0x38552a00, 0x38ad0000)
GC Heap History (10 events):
Event: 62.463 GC heap before
{Heap before GC invocations=94 (full 24):
 def new generation   total 8320K, used 7386K [0x234d0000, 0x23dd0000, 0x28a20000)
  eden space 7424K,  99% used [0x234d0000, 0x23c03528, 0x23c10000)
  from space 896K,   1% used [0x23cf0000, 0x23cf34b8, 0x23dd0000)
  to   space 896K,   0% used [0x23c10000, 0x23c10000, 0x23cf0000)
 tenured generation   total 18324K, used 12559K [0x28a20000, 0x29c05000, 0x334d0000)
   the space 18324K,  68% used [0x28a20000, 0x29663f18, 0x29664000, 0x29c05000)
 compacting perm gen  total 12288K, used 4288K [0x334d0000, 0x340d0000, 0x374d0000)
   the space 12288K,  34% used [0x334d0000, 0x33900168, 0x33900200, 0x340d0000)
    ro space 10240K,  42% used [0x374d0000, 0x37911d60, 0x37911e00, 0x37ed0000)
    rw space 12288K,  54% used [0x37ed0000, 0x38552928, 0x38552a00, 0x38ad0000)
Event: 62.468 GC heap after
Heap after GC invocations=95 (full 24):
 def new generation   total 8320K, used 9K [0x234d0000, 0x23dd0000, 0x28a20000)
  eden space 7424K,   0% used [0x234d0000, 0x234d0000, 0x23c10000)
  from space 896K,   1% used [0x23c10000, 0x23c12478, 0x23cf0000)
  to   space 896K,   0% used [0x23cf0000, 0x23cf0000, 0x23dd0000)
 tenured generation   total 18324K, used 14959K [0x28a20000, 0x29c05000, 0x334d0000)
   the space 18324K,  81% used [0x28a20000, 0x298bbf38, 0x298bc000, 0x29c05000)
 compacting perm gen  total 12288K, used 4288K [0x334d0000, 0x340d0000, 0x374d0000)
   the space 12288K,  34% used [0x334d0000, 0x33900168, 0x33900200, 0x340d0000)
    ro space 10240K,  42% used [0x374d0000, 0x37911d60, 0x37911e00, 0x37ed0000)
    rw space 12288K,  54% used [0x37ed0000, 0x38552928, 0x38552a00, 0x38ad0000)
}
Event: 62.996 GC heap before
{Heap before GC invocations=95 (full 24):
 def new generation   total 8320K, used 6254K [0x234d0000, 0x23dd0000, 0x28a20000)
  eden space 7424K,  84% used [0x234d0000, 0x23ae9520, 0x23c10000)
  from space 896K,   1% used [0x23c10000, 0x23c12478, 0x23cf0000)
  to   space 896K,   0% used [0x23cf0000, 0x23cf0000, 0x23dd0000)
 tenured generation   total 18324K, used 14959K [0x28a20000, 0x29c05000, 0x334d0000)
   the space 18324K,  81% used [0x28a20000, 0x298bbf38, 0x298bc000, 0x29c05000)
 compacting perm gen  total 12288K, used 4288K [0x334d0000, 0x340d0000, 0x374d0000)
   the space 12288K,  34% used [0x334d0000, 0x33900168, 0x33900200, 0x340d0000)
    ro space 10240K,  42% used [0x374d0000, 0x37911d60, 0x37911e00, 0x37ed0000)
    rw space 12288K,  54% used [0x37ed0000, 0x38552928, 0x38552a00, 0x38ad0000)
Event: 63.001 GC heap after
Heap after GC invocations=96 (full 24):
 def new generation   total 8320K, used 12K [0x234d0000, 0x23dd0000, 0x28a20000)
  eden space 7424K,   0% used [0x234d0000, 0x234d0000, 0x23c10000)
  from space 896K,   1% used [0x23cf0000, 0x23cf3340, 0x23dd0000)
  to   space 896K,   0% used [0x23c10000, 0x23c10000, 0x23cf0000)
 tenured generation   total 18324K, used 17359K [0x28a20000, 0x29c05000, 0x334d0000)
   the space 18324K,  94% used [0x28a20000, 0x29b13f58, 0x29b14000, 0x29c05000)
 compacting perm gen  total 12288K, used 4288K [0x334d0000, 0x340d0000, 0x374d0000)
   the space 12288K,  34% used [0x334d0000, 0x33900168, 0x33900200, 0x340d0000)
    ro space 10240K,  42% used [0x374d0000, 0x37911d60, 0x37911e00, 0x37ed0000)
    rw space 12288K,  54% used [0x37ed0000, 0x38552928, 0x38552a00, 0x38ad0000)
}
Event: 63.510 GC heap before
{Heap before GC invocations=96 (full 24):
 def new generation   total 8320K, used 7386K [0x234d0000, 0x23dd0000, 0x28a20000)
  eden space 7424K,  99% used [0x234d0000, 0x23c03568, 0x23c10000)
  from space 896K,   1% used [0x23cf0000, 0x23cf3340, 0x23dd0000)
  to   space 896K,   0% used [0x23c10000, 0x23c10000, 0x23cf0000)
 tenured generation   total 18324K, used 17359K [0x28a20000, 0x29c05000, 0x334d0000)
   the space 18324K,  94% used [0x28a20000, 0x29b13f58, 0x29b14000, 0x29c05000)
 compacting perm gen  total 12288K, used 4288K [0x334d0000, 0x340d0000, 0x374d0000)
   the space 12288K,  34% used [0x334d0000, 0x33900168, 0x33900200, 0x340d0000)
    ro space 10240K,  42% used [0x374d0000, 0x37911d60, 0x37911e00, 0x37ed0000)
    rw space 12288K,  54% used [0x37ed0000, 0x38552928, 0x38552a00, 0x38ad0000)
Event: 63.612 GC heap after
Heap after GC invocations=97 (full 25):
 def new generation   total 8320K, used 0K [0x234d0000, 0x23dd0000, 0x28a20000)
  eden space 7424K,   0% used [0x234d0000, 0x234d0000, 0x23c10000)
  from space 896K,   0% used [0x23c10000, 0x23c10000, 0x23cf0000)
  to   space 896K,   0% used [0x23cf0000, 0x23cf0000, 0x23dd0000)
 tenured generation   total 18324K, used 10159K [0x28a20000, 0x29c05000, 0x334d0000)
   the space 18324K,  55% used [0x28a20000, 0x2940bef8, 0x2940c000, 0x29c05000)
 compacting perm gen  total 12288K, used 4288K [0x334d0000, 0x340d0000, 0x374d0000)
   the space 12288K,  34% used [0x334d0000, 0x33900168, 0x33900200, 0x340d0000)
    ro space 10240K,  42% used [0x374d0000, 0x37911d60, 0x37911e00, 0x37ed0000)
    rw space 12288K,  54% used [0x37ed0000, 0x38552928, 0x38552a00, 0x38ad0000)
}
Event: 64.051 GC heap before
{Heap before GC invocations=97 (full 25):
 def new generation   total 8320K, used 6307K [0x234d0000, 0x23dd0000, 0x28a20000)
  eden space 7424K,  84% used [0x234d0000, 0x23af8d08, 0x23c10000)
  from space 896K,   0% used [0x23c10000, 0x23c10000, 0x23cf0000)
  to   space 896K,   0% used [0x23cf0000, 0x23cf0000, 0x23dd0000)
 tenured generation   total 18324K, used 10159K [0x28a20000, 0x29c05000, 0x334d0000)
   the space 18324K,  55% used [0x28a20000, 0x2940bef8, 0x2940c000, 0x29c05000)
 compacting perm gen  total 12288K, used 4288K [0x334d0000, 0x340d0000, 0x374d0000)
   the space 12288K,  34% used [0x334d0000, 0x33900168, 0x33900200, 0x340d0000)
    ro space 10240K,  42% used [0x374d0000, 0x37911d60, 0x37911e00, 0x37ed0000)
    rw space 12288K,  54% used [0x37ed0000, 0x38552928, 0x38552a00, 0x38ad0000)
Event: 64.057 GC heap after
Heap after GC invocations=98 (full 25):
 def new generation   total 8320K, used 13K [0x234d0000, 0x23dd0000, 0x28a20000)
  eden space 7424K,   0% used [0x234d0000, 0x234d0000, 0x23c10000)
  from space 896K,   1% used [0x23cf0000, 0x23cf3580, 0x23dd0000)
  to   space 896K,   0% used [0x23c10000, 0x23c10000, 0x23cf0000)
 tenured generation   total 18324K, used 12559K [0x28a20000, 0x29c05000, 0x334d0000)
   the space 18324K,  68% used [0x28a20000, 0x29663f18, 0x29664000, 0x29c05000)
 compacting perm gen  total 12288K, used 4288K [0x334d0000, 0x340d0000, 0x374d0000)
   the space 12288K,  34% used [0x334d0000, 0x33900168, 0x33900200, 0x340d0000)
    ro space 10240K,  42% used [0x374d0000, 0x37911d60, 0x37911e00, 0x37ed0000)
    rw space 12288K,  54% used [0x37ed0000, 0x38552928, 0x38552a00, 0x38ad0000)
}
Event: 64.825 GC heap before
{Heap before GC invocations=98 (full 25):
 def new generation   total 8320K, used 6378K [0x234d0000, 0x23dd0000, 0x28a20000)
  eden space 7424K,  85% used [0x234d0000, 0x23b07548, 0x23c10000)
  from space 896K,   1% used [0x23cf0000, 0x23cf3580, 0x23dd0000)
  to   space 896K,   0% used [0x23c10000, 0x23c10000, 0x23cf0000)
 tenured generation   total 18324K, used 12559K [0x28a20000, 0x29c05000, 0x334d0000)
   the space 18324K,  68% used [0x28a20000, 0x29663f18, 0x29664000, 0x29c05000)
 compacting perm gen  total 12288K, used 4304K [0x334d0000, 0x340d0000, 0x374d0000)
   the space 12288K,  35% used [0x334d0000, 0x33904080, 0x33904200, 0x340d0000)
    ro space 10240K,  42% used [0x374d0000, 0x37911d60, 0x37911e00, 0x37ed0000)
    rw space 12288K,  54% used [0x37ed0000, 0x38552928, 0x38552a00, 0x38ad0000)
Event: 64.836 GC heap after
Heap after GC invocations=99 (full 25):
 def new generation   total 8320K, used 23K [0x234d0000, 0x23dd0000, 0x28a20000)
  eden space 7424K,   0% used [0x234d0000, 0x234d0000, 0x23c10000)
  from space 896K,   2% used [0x23c10000, 0x23c15c98, 0x23cf0000)
  to   space 896K,   0% used [0x23cf0000, 0x23cf0000, 0x23dd0000)
 tenured generation   total 18324K, used 14959K [0x28a20000, 0x29c05000, 0x334d0000)
   the space 18324K,  81% used [0x28a20000, 0x298bbf38, 0x298bc000, 0x29c05000)
 compacting perm gen  total 12288K, used 4304K [0x334d0000, 0x340d0000, 0x374d0000)
   the space 12288K,  35% used [0x334d0000, 0x33904080, 0x33904200, 0x340d0000)
    ro space 10240K,  42% used [0x374d0000, 0x37911d60, 0x37911e00, 0x37ed0000)
    rw space 12288K,  54% used [0x37ed0000, 0x38552928, 0x38552a00, 0x38ad0000)
}

