# JRE version: 7.0_17-b02
# Java VM: Java HotSpot(TM) Client VM (23.7-b01 mixed mode, sharing windows-x86 )
Heap
 def new generation   total 8128K, used 1297K [0x234d0000, 0x23da0000, 0x28a20000)
  eden space 7232K,  17% used [0x234d0000, 0x2360c250, 0x23be0000)
  from space 896K,   3% used [0x23cc0000, 0x23cc8208, 0x23da0000)
  to   space 896K,   0% used [0x23be0000, 0x23be0000, 0x23cc0000)
 tenured generation   total 17900K, used 12733K [0x28a20000, 0x29b9b000, 0x334d0000)
   the space 17900K,  71% used [0x28a20000, 0x2968f760, 0x2968f800, 0x29b9b000)
 compacting perm gen  total 12288K, used 4786K [0x334d0000, 0x340d0000, 0x374d0000)
   the space 12288K,  38% used [0x334d0000, 0x3397c940, 0x3397ca00, 0x340d0000)
    ro space 10240K,  42% used [0x374d0000, 0x37911d60, 0x37911e00, 0x37ed0000)
    rw space 12288K,  54% used [0x37ed0000, 0x38552928, 0x38552a00, 0x38ad0000)
GC Heap History (10 events):
Event: 85.072 GC heap before
{Heap before GC invocations=92 (full 22):
 def new generation   total 8128K, used 6206K [0x234d0000, 0x23da0000, 0x28a20000)
  eden space 7232K,  84% used [0x234d0000, 0x23ac8978, 0x23be0000)
  from space 896K,  10% used [0x23be0000, 0x23bf71f0, 0x23cc0000)
  to   space 896K,   0% used [0x23cc0000, 0x23cc0000, 0x23da0000)
 tenured generation   total 17900K, used 17705K [0x28a20000, 0x29b9b000, 0x334d0000)
   the space 17900K,  98% used [0x28a20000, 0x29b6a4a8, 0x29b6a600, 0x29b9b000)
 compacting perm gen  total 12288K, used 4768K [0x334d0000, 0x340d0000, 0x374d0000)
   the space 12288K,  38% used [0x334d0000, 0x33978390, 0x33978400, 0x340d0000)
    ro space 10240K,  42% used [0x374d0000, 0x37911d60, 0x37911e00, 0x37ed0000)
    rw space 12288K,  54% used [0x37ed0000, 0x38552928, 0x38552a00, 0x38ad0000)
Event: 85.180 GC heap after
Heap after GC invocations=93 (full 23):
 def new generation   total 8128K, used 0K [0x234d0000, 0x23da0000, 0x28a20000)
  eden space 7232K,   0% used [0x234d0000, 0x234d0000, 0x23be0000)
  from space 896K,   0% used [0x23cc0000, 0x23cc0000, 0x23da0000)
  to   space 896K,   0% used [0x23be0000, 0x23be0000, 0x23cc0000)
 tenured generation   total 17900K, used 10375K [0x28a20000, 0x29b9b000, 0x334d0000)
   the space 17900K,  57% used [0x28a20000, 0x29441f08, 0x29442000, 0x29b9b000)
 compacting perm gen  total 12288K, used 4768K [0x334d0000, 0x340d0000, 0x374d0000)
   the space 12288K,  38% used [0x334d0000, 0x33978390, 0x33978400, 0x340d0000)
    ro space 10240K,  42% used [0x374d0000, 0x37911d60, 0x37911e00, 0x37ed0000)
    rw space 12288K,  54% used [0x37ed0000, 0x38552928, 0x38552a00, 0x38ad0000)
}
Event: 85.722 GC heap before
{Heap before GC invocations=93 (full 23):
 def new generation   total 8128K, used 6131K [0x234d0000, 0x23da0000, 0x28a20000)
  eden space 7232K,  84% used [0x234d0000, 0x23accd20, 0x23be0000)
  from space 896K,   0% used [0x23cc0000, 0x23cc0000, 0x23da0000)
  to   space 896K,   0% used [0x23be0000, 0x23be0000, 0x23cc0000)
 tenured generation   total 17900K, used 10375K [0x28a20000, 0x29b9b000, 0x334d0000)
   the space 17900K,  57% used [0x28a20000, 0x29441f08, 0x29442000, 0x29b9b000)
 compacting perm gen  total 12288K, used 4768K [0x334d0000, 0x340d0000, 0x374d0000)
   the space 12288K,  38% used [0x334d0000, 0x33978390, 0x33978400, 0x340d0000)
    ro space 10240K,  42% used [0x374d0000, 0x37911d60, 0x37911e00, 0x37ed0000)
    rw space 12288K,  54% used [0x37ed0000, 0x38552928, 0x38552a00, 0x38ad0000)
Event: 85.728 GC heap after
Heap after GC invocations=94 (full 23):
 def new generation   total 8128K, used 13K [0x234d0000, 0x23da0000, 0x28a20000)
  eden space 7232K,   0% used [0x234d0000, 0x234d0000, 0x23be0000)
  from space 896K,   1% used [0x23be0000, 0x23be3430, 0x23cc0000)
  to   space 896K,   0% used [0x23cc0000, 0x23cc0000, 0x23da0000)
 tenured generation   total 17900K, used 13975K [0x28a20000, 0x29b9b000, 0x334d0000)
   the space 17900K,  78% used [0x28a20000, 0x297c5f38, 0x297c6000, 0x29b9b000)
 compacting perm gen  total 12288K, used 4768K [0x334d0000, 0x340d0000, 0x374d0000)
   the space 12288K,  38% used [0x334d0000, 0x33978390, 0x33978400, 0x340d0000)
    ro space 10240K,  42% used [0x374d0000, 0x37911d60, 0x37911e00, 0x37ed0000)
    rw space 12288K,  54% used [0x37ed0000, 0x38552928, 0x38552a00, 0x38ad0000)
}
Event: 86.065 GC heap before
{Heap before GC invocations=94 (full 23):
 def new generation   total 8128K, used 6132K [0x234d0000, 0x23da0000, 0x28a20000)
  eden space 7232K,  84% used [0x234d0000, 0x23ac9c38, 0x23be0000)
  from space 896K,   1% used [0x23be0000, 0x23be3430, 0x23cc0000)
  to   space 896K,   0% used [0x23cc0000, 0x23cc0000, 0x23da0000)
 tenured generation   total 17900K, used 13975K [0x28a20000, 0x29b9b000, 0x334d0000)
   the space 17900K,  78% used [0x28a20000, 0x297c5f38, 0x297c6000, 0x29b9b000)
 compacting perm gen  total 12288K, used 4768K [0x334d0000, 0x340d0000, 0x374d0000)
   the space 12288K,  38% used [0x334d0000, 0x33978390, 0x33978400, 0x340d0000)
    ro space 10240K,  42% used [0x374d0000, 0x37911d60, 0x37911e00, 0x37ed0000)
    rw space 12288K,  54% used [0x37ed0000, 0x38552928, 0x38552a00, 0x38ad0000)
Event: 86.072 GC heap after
Heap after GC invocations=95 (full 23):
 def new generation   total 8128K, used 9K [0x234d0000, 0x23da0000, 0x28a20000)
  eden space 7232K,   0% used [0x234d0000, 0x234d0000, 0x23be0000)
  from space 896K,   1% used [0x23cc0000, 0x23cc2568, 0x23da0000)
  to   space 896K,   0% used [0x23be0000, 0x23be0000, 0x23cc0000)
 tenured generation   total 17900K, used 16375K [0x28a20000, 0x29b9b000, 0x334d0000)
   the space 17900K,  91% used [0x28a20000, 0x29a1df58, 0x29a1e000, 0x29b9b000)
 compacting perm gen  total 12288K, used 4768K [0x334d0000, 0x340d0000, 0x374d0000)
   the space 12288K,  38% used [0x334d0000, 0x33978390, 0x33978400, 0x340d0000)
    ro space 10240K,  42% used [0x374d0000, 0x37911d60, 0x37911e00, 0x37ed0000)
    rw space 12288K,  54% used [0x37ed0000, 0x38552928, 0x38552a00, 0x38ad0000)
}
Event: 86.668 GC heap before
{Heap before GC invocations=95 (full 23):
 def new generation   total 8128K, used 6183K [0x234d0000, 0x23da0000, 0x28a20000)
  eden space 7232K,  85% used [0x234d0000, 0x23ad7738, 0x23be0000)
  from space 896K,   1% used [0x23cc0000, 0x23cc2568, 0x23da0000)
  to   space 896K,   0% used [0x23be0000, 0x23be0000, 0x23cc0000)
 tenured generation   total 17900K, used 16375K [0x28a20000, 0x29b9b000, 0x334d0000)
   the space 17900K,  91% used [0x28a20000, 0x29a1df58, 0x29a1e000, 0x29b9b000)
 compacting perm gen  total 12288K, used 4768K [0x334d0000, 0x340d0000, 0x374d0000)
   the space 12288K,  38% used [0x334d0000, 0x33978390, 0x33978400, 0x340d0000)
    ro space 10240K,  42% used [0x374d0000, 0x37911d60, 0x37911e00, 0x37ed0000)
    rw space 12288K,  54% used [0x37ed0000, 0x38552928, 0x38552a00, 0x38ad0000)
Event: 86.796 GC heap after
Heap after GC invocations=96 (full 24):
 def new generation   total 8128K, used 0K [0x234d0000, 0x23da0000, 0x28a20000)
  eden space 7232K,   0% used [0x234d0000, 0x234d0000, 0x23be0000)
  from space 896K,   0% used [0x23be0000, 0x23be0000, 0x23cc0000)
  to   space 896K,   0% used [0x23cc0000, 0x23cc0000, 0x23da0000)
 tenured generation   total 17900K, used 10333K [0x28a20000, 0x29b9b000, 0x334d0000)
   the space 17900K,  57% used [0x28a20000, 0x29437740, 0x29437800, 0x29b9b000)
 compacting perm gen  total 12288K, used 4768K [0x334d0000, 0x340d0000, 0x374d0000)
   the space 12288K,  38% used [0x334d0000, 0x339782b0, 0x33978400, 0x340d0000)
    ro space 10240K,  42% used [0x374d0000, 0x37911d60, 0x37911e00, 0x37ed0000)
    rw space 12288K,  54% used [0x37ed0000, 0x38552928, 0x38552a00, 0x38ad0000)
}
Event: 87.174 GC heap before
{Heap before GC invocations=96 (full 24):
 def new generation   total 8128K, used 6388K [0x234d0000, 0x23da0000, 0x28a20000)
  eden space 7232K,  88% used [0x234d0000, 0x23b0d1e8, 0x23be0000)
  from space 896K,   0% used [0x23be0000, 0x23be0000, 0x23cc0000)
  to   space 896K,   0% used [0x23cc0000, 0x23cc0000, 0x23da0000)
 tenured generation   total 17900K, used 10333K [0x28a20000, 0x29b9b000, 0x334d0000)
   the space 17900K,  57% used [0x28a20000, 0x29437740, 0x29437800, 0x29b9b000)
 compacting perm gen  total 12288K, used 4786K [0x334d0000, 0x340d0000, 0x374d0000)
   the space 12288K,  38% used [0x334d0000, 0x3397c940, 0x3397ca00, 0x340d0000)
    ro space 10240K,  42% used [0x374d0000, 0x37911d60, 0x37911e00, 0x37ed0000)
    rw space 12288K,  54% used [0x37ed0000, 0x38552928, 0x38552a00, 0x38ad0000)
Event: 87.181 GC heap after
Heap after GC invocations=97 (full 24):
 def new generation   total 8128K, used 32K [0x234d0000, 0x23da0000, 0x28a20000)
  eden space 7232K,   0% used [0x234d0000, 0x234d0000, 0x23be0000)
  from space 896K,   3% used [0x23cc0000, 0x23cc8208, 0x23da0000)
  to   space 896K,   0% used [0x23be0000, 0x23be0000, 0x23cc0000)
 tenured generation   total 17900K, used 12733K [0x28a20000, 0x29b9b000, 0x334d0000)
   the space 17900K,  71% used [0x28a20000, 0x2968f760, 0x2968f800, 0x29b9b000)
 compacting perm gen  total 12288K, used 4786K [0x334d0000, 0x340d0000, 0x374d0000)
   the space 12288K,  38% used [0x334d0000, 0x3397c940, 0x3397ca00, 0x340d0000)
    ro space 10240K,  42% used [0x374d0000, 0x37911d60, 0x37911e00, 0x37ed0000)
    rw space 12288K,  54% used [0x37ed0000, 0x38552928, 0x38552a00, 0x38ad0000)
}

