# JRE version: 7.0_17-b02
# Java VM: Java HotSpot(TM) Client VM (23.7-b01 mixed mode, sharing windows-x86 )
Heap
 def new generation   total 7744K, used 2439K [0x234d0000, 0x23d30000, 0x28a20000)
  eden space 6912K,  35% used [0x234d0000, 0x2372d050, 0x23b90000)
  from space 832K,   2% used [0x23b90000, 0x23b94cc8, 0x23c60000)
  to   space 832K,   0% used [0x23c60000, 0x23c60000, 0x23d30000)
 tenured generation   total 17036K, used 13755K [0x28a20000, 0x29ac3000, 0x334d0000)
   the space 17036K,  80% used [0x28a20000, 0x2978edf8, 0x2978ee00, 0x29ac3000)
 compacting perm gen  total 12288K, used 4136K [0x334d0000, 0x340d0000, 0x374d0000)
   the space 12288K,  33% used [0x334d0000, 0x338da0b0, 0x338da200, 0x340d0000)
    ro space 10240K,  42% used [0x374d0000, 0x37911d60, 0x37911e00, 0x37ed0000)
    rw space 12288K,  54% used [0x37ed0000, 0x38552928, 0x38552a00, 0x38ad0000)
GC Heap History (10 events):
Event: 21.158 GC heap before
{Heap before GC invocations=24 (full 5):
 def new generation   total 7744K, used 6225K [0x234d0000, 0x23d30000, 0x28a20000)
  eden space 6912K,  89% used [0x234d0000, 0x23ae1010, 0x23b90000)
  from space 832K,   1% used [0x23c60000, 0x23c63508, 0x23d30000)
  to   space 832K,   0% used [0x23b90000, 0x23b90000, 0x23c60000)
 tenured generation   total 17036K, used 11355K [0x28a20000, 0x29ac3000, 0x334d0000)
   the space 17036K,  66% used [0x28a20000, 0x29536c20, 0x29536e00, 0x29ac3000)
 compacting perm gen  total 12288K, used 4133K [0x334d0000, 0x340d0000, 0x374d0000)
   the space 12288K,  33% used [0x334d0000, 0x338d97c0, 0x338d9800, 0x340d0000)
    ro space 10240K,  42% used [0x374d0000, 0x37911d60, 0x37911e00, 0x37ed0000)
    rw space 12288K,  54% used [0x37ed0000, 0x38552928, 0x38552a00, 0x38ad0000)
Event: 21.164 GC heap after
Heap after GC invocations=25 (full 5):
 def new generation   total 7744K, used 13K [0x234d0000, 0x23d30000, 0x28a20000)
  eden space 6912K,   0% used [0x234d0000, 0x234d0000, 0x23b90000)
  from space 832K,   1% used [0x23b90000, 0x23b93548, 0x23c60000)
  to   space 832K,   0% used [0x23c60000, 0x23c60000, 0x23d30000)
 tenured generation   total 17036K, used 13755K [0x28a20000, 0x29ac3000, 0x334d0000)
   the space 17036K,  80% used [0x28a20000, 0x2978ec40, 0x2978ee00, 0x29ac3000)
 compacting perm gen  total 12288K, used 4133K [0x334d0000, 0x340d0000, 0x374d0000)
   the space 12288K,  33% used [0x334d0000, 0x338d97c0, 0x338d9800, 0x340d0000)
    ro space 10240K,  42% used [0x374d0000, 0x37911d60, 0x37911e00, 0x37ed0000)
    rw space 12288K,  54% used [0x37ed0000, 0x38552928, 0x38552a00, 0x38ad0000)
}
Event: 21.688 GC heap before
{Heap before GC invocations=25 (full 5):
 def new generation   total 7744K, used 6192K [0x234d0000, 0x23d30000, 0x28a20000)
  eden space 6912K,  89% used [0x234d0000, 0x23ad8e68, 0x23b90000)
  from space 832K,   1% used [0x23b90000, 0x23b93548, 0x23c60000)
  to   space 832K,   0% used [0x23c60000, 0x23c60000, 0x23d30000)
 tenured generation   total 17036K, used 13755K [0x28a20000, 0x29ac3000, 0x334d0000)
   the space 17036K,  80% used [0x28a20000, 0x2978ec40, 0x2978ee00, 0x29ac3000)
 compacting perm gen  total 12288K, used 4133K [0x334d0000, 0x340d0000, 0x374d0000)
   the space 12288K,  33% used [0x334d0000, 0x338d97c0, 0x338d9800, 0x340d0000)
    ro space 10240K,  42% used [0x374d0000, 0x37911d60, 0x37911e00, 0x37ed0000)
    rw space 12288K,  54% used [0x37ed0000, 0x38552928, 0x38552a00, 0x38ad0000)
Event: 21.694 GC heap after
Heap after GC invocations=26 (full 5):
 def new generation   total 7744K, used 13K [0x234d0000, 0x23d30000, 0x28a20000)
  eden space 6912K,   0% used [0x234d0000, 0x234d0000, 0x23b90000)
  from space 832K,   1% used [0x23c60000, 0x23c636c0, 0x23d30000)
  to   space 832K,   0% used [0x23b90000, 0x23b90000, 0x23c60000)
 tenured generation   total 17036K, used 16155K [0x28a20000, 0x29ac3000, 0x334d0000)
   the space 17036K,  94% used [0x28a20000, 0x299e6c60, 0x299e6e00, 0x29ac3000)
 compacting perm gen  total 12288K, used 4133K [0x334d0000, 0x340d0000, 0x374d0000)
   the space 12288K,  33% used [0x334d0000, 0x338d97c0, 0x338d9800, 0x340d0000)
    ro space 10240K,  42% used [0x374d0000, 0x37911d60, 0x37911e00, 0x37ed0000)
    rw space 12288K,  54% used [0x37ed0000, 0x38552928, 0x38552a00, 0x38ad0000)
}
Event: 22.367 GC heap before
{Heap before GC invocations=26 (full 5):
 def new generation   total 7744K, used 6205K [0x234d0000, 0x23d30000, 0x28a20000)
  eden space 6912K,  89% used [0x234d0000, 0x23adbe30, 0x23b90000)
  from space 832K,   1% used [0x23c60000, 0x23c636c0, 0x23d30000)
  to   space 832K,   0% used [0x23b90000, 0x23b90000, 0x23c60000)
 tenured generation   total 17036K, used 16155K [0x28a20000, 0x29ac3000, 0x334d0000)
   the space 17036K,  94% used [0x28a20000, 0x299e6c60, 0x299e6e00, 0x29ac3000)
 compacting perm gen  total 12288K, used 4133K [0x334d0000, 0x340d0000, 0x374d0000)
   the space 12288K,  33% used [0x334d0000, 0x338d97c0, 0x338d9800, 0x340d0000)
    ro space 10240K,  42% used [0x374d0000, 0x37911d60, 0x37911e00, 0x37ed0000)
    rw space 12288K,  54% used [0x37ed0000, 0x38552928, 0x38552a00, 0x38ad0000)
Event: 22.469 GC heap after
Heap after GC invocations=27 (full 6):
 def new generation   total 7744K, used 0K [0x234d0000, 0x23d30000, 0x28a20000)
  eden space 6912K,   0% used [0x234d0000, 0x234d0000, 0x23b90000)
  from space 832K,   0% used [0x23b90000, 0x23b90000, 0x23c60000)
  to   space 832K,   0% used [0x23c60000, 0x23c60000, 0x23d30000)
 tenured generation   total 17036K, used 8955K [0x28a20000, 0x29ac3000, 0x334d0000)
   the space 17036K,  52% used [0x28a20000, 0x292dedb8, 0x292dee00, 0x29ac3000)
 compacting perm gen  total 12288K, used 4133K [0x334d0000, 0x340d0000, 0x374d0000)
   the space 12288K,  33% used [0x334d0000, 0x338d97c0, 0x338d9800, 0x340d0000)
    ro space 10240K,  42% used [0x374d0000, 0x37911d60, 0x37911e00, 0x37ed0000)
    rw space 12288K,  54% used [0x37ed0000, 0x38552928, 0x38552a00, 0x38ad0000)
}
Event: 22.911 GC heap before
{Heap before GC invocations=27 (full 6):
 def new generation   total 7744K, used 6249K [0x234d0000, 0x23d30000, 0x28a20000)
  eden space 6912K,  90% used [0x234d0000, 0x23aea4f0, 0x23b90000)
  from space 832K,   0% used [0x23b90000, 0x23b90000, 0x23c60000)
  to   space 832K,   0% used [0x23c60000, 0x23c60000, 0x23d30000)
 tenured generation   total 17036K, used 8955K [0x28a20000, 0x29ac3000, 0x334d0000)
   the space 17036K,  52% used [0x28a20000, 0x292dedb8, 0x292dee00, 0x29ac3000)
 compacting perm gen  total 12288K, used 4133K [0x334d0000, 0x340d0000, 0x374d0000)
   the space 12288K,  33% used [0x334d0000, 0x338d97c0, 0x338d9800, 0x340d0000)
    ro space 10240K,  42% used [0x374d0000, 0x37911d60, 0x37911e00, 0x37ed0000)
    rw space 12288K,  54% used [0x37ed0000, 0x38552928, 0x38552a00, 0x38ad0000)
Event: 22.916 GC heap after
Heap after GC invocations=28 (full 6):
 def new generation   total 7744K, used 13K [0x234d0000, 0x23d30000, 0x28a20000)
  eden space 6912K,   0% used [0x234d0000, 0x234d0000, 0x23b90000)
  from space 832K,   1% used [0x23c60000, 0x23c63508, 0x23d30000)
  to   space 832K,   0% used [0x23b90000, 0x23b90000, 0x23c60000)
 tenured generation   total 17036K, used 11355K [0x28a20000, 0x29ac3000, 0x334d0000)
   the space 17036K,  66% used [0x28a20000, 0x29536dd8, 0x29536e00, 0x29ac3000)
 compacting perm gen  total 12288K, used 4133K [0x334d0000, 0x340d0000, 0x374d0000)
   the space 12288K,  33% used [0x334d0000, 0x338d97c0, 0x338d9800, 0x340d0000)
    ro space 10240K,  42% used [0x374d0000, 0x37911d60, 0x37911e00, 0x37ed0000)
    rw space 12288K,  54% used [0x37ed0000, 0x38552928, 0x38552a00, 0x38ad0000)
}
Event: 23.652 GC heap before
{Heap before GC invocations=28 (full 6):
 def new generation   total 7744K, used 6496K [0x234d0000, 0x23d30000, 0x28a20000)
  eden space 6912K,  93% used [0x234d0000, 0x23b24c90, 0x23b90000)
  from space 832K,   1% used [0x23c60000, 0x23c63508, 0x23d30000)
  to   space 832K,   0% used [0x23b90000, 0x23b90000, 0x23c60000)
 tenured generation   total 17036K, used 11355K [0x28a20000, 0x29ac3000, 0x334d0000)
   the space 17036K,  66% used [0x28a20000, 0x29536dd8, 0x29536e00, 0x29ac3000)
 compacting perm gen  total 12288K, used 4136K [0x334d0000, 0x340d0000, 0x374d0000)
   the space 12288K,  33% used [0x334d0000, 0x338da0b0, 0x338da200, 0x340d0000)
    ro space 10240K,  42% used [0x374d0000, 0x37911d60, 0x37911e00, 0x37ed0000)
    rw space 12288K,  54% used [0x37ed0000, 0x38552928, 0x38552a00, 0x38ad0000)
Event: 23.660 GC heap after
Heap after GC invocations=29 (full 6):
 def new generation   total 7744K, used 19K [0x234d0000, 0x23d30000, 0x28a20000)
  eden space 6912K,   0% used [0x234d0000, 0x234d0000, 0x23b90000)
  from space 832K,   2% used [0x23b90000, 0x23b94cc8, 0x23c60000)
  to   space 832K,   0% used [0x23c60000, 0x23c60000, 0x23d30000)
 tenured generation   total 17036K, used 13755K [0x28a20000, 0x29ac3000, 0x334d0000)
   the space 17036K,  80% used [0x28a20000, 0x2978edf8, 0x2978ee00, 0x29ac3000)
 compacting perm gen  total 12288K, used 4136K [0x334d0000, 0x340d0000, 0x374d0000)
   the space 12288K,  33% used [0x334d0000, 0x338da0b0, 0x338da200, 0x340d0000)
    ro space 10240K,  42% used [0x374d0000, 0x37911d60, 0x37911e00, 0x37ed0000)
    rw space 12288K,  54% used [0x37ed0000, 0x38552928, 0x38552a00, 0x38ad0000)
}

