# JRE version: 7.0_17-b02
# Java VM: Java HotSpot(TM) Client VM (23.7-b01 mixed mode, sharing windows-x86 )
Heap
 def new generation   total 4928K, used 3687K [0x234d0000, 0x23a20000, 0x28a20000)
  eden space 4416K,  82% used [0x234d0000, 0x238617e0, 0x23920000)
  from space 512K,   6% used [0x23920000, 0x239285d8, 0x239a0000)
  to   space 512K,   0% used [0x239a0000, 0x239a0000, 0x23a20000)
 tenured generation   total 10944K, used 8777K [0x28a20000, 0x294d0000, 0x334d0000)
   the space 10944K,  80% used [0x28a20000, 0x292b2518, 0x292b2600, 0x294d0000)
 compacting perm gen  total 12288K, used 4220K [0x334d0000, 0x340d0000, 0x374d0000)
   the space 12288K,  34% used [0x334d0000, 0x338ef140, 0x338ef200, 0x340d0000)
    ro space 10240K,  42% used [0x374d0000, 0x37911d60, 0x37911e00, 0x37ed0000)
    rw space 12288K,  54% used [0x37ed0000, 0x38552928, 0x38552a00, 0x38ad0000)
GC Heap History (10 events):
Event: 4.628 GC heap before
{Heap before GC invocations=3 (full 0):
 def new generation   total 4928K, used 4928K [0x234d0000, 0x23a20000, 0x28a20000)
  eden space 4416K, 100% used [0x234d0000, 0x23920000, 0x23920000)
  from space 512K, 100% used [0x239a0000, 0x23a20000, 0x23a20000)
  to   space 512K,   0% used [0x23920000, 0x23920000, 0x239a0000)
 tenured generation   total 10944K, used 2789K [0x28a20000, 0x294d0000, 0x334d0000)
   the space 10944K,  25% used [0x28a20000, 0x28cd9720, 0x28cd9800, 0x294d0000)
 compacting perm gen  total 12288K, used 3423K [0x334d0000, 0x340d0000, 0x374d0000)
   the space 12288K,  27% used [0x334d0000, 0x33827e58, 0x33828000, 0x340d0000)
    ro space 10240K,  42% used [0x374d0000, 0x37911d60, 0x37911e00, 0x37ed0000)
    rw space 12288K,  54% used [0x37ed0000, 0x38552928, 0x38552a00, 0x38ad0000)
Event: 4.639 GC heap after
Heap after GC invocations=4 (full 0):
 def new generation   total 4928K, used 256K [0x234d0000, 0x23a20000, 0x28a20000)
  eden space 4416K,   0% used [0x234d0000, 0x234d0000, 0x23920000)
  from space 512K,  50% used [0x23920000, 0x239602a8, 0x239a0000)
  to   space 512K,   0% used [0x239a0000, 0x239a0000, 0x23a20000)
 tenured generation   total 10944K, used 2971K [0x28a20000, 0x294d0000, 0x334d0000)
   the space 10944K,  27% used [0x28a20000, 0x28d06e38, 0x28d07000, 0x294d0000)
 compacting perm gen  total 12288K, used 3423K [0x334d0000, 0x340d0000, 0x374d0000)
   the space 12288K,  27% used [0x334d0000, 0x33827e58, 0x33828000, 0x340d0000)
    ro space 10240K,  42% used [0x374d0000, 0x37911d60, 0x37911e00, 0x37ed0000)
    rw space 12288K,  54% used [0x37ed0000, 0x38552928, 0x38552a00, 0x38ad0000)
}
Event: 7.003 GC heap before
{Heap before GC invocations=4 (full 0):
 def new generation   total 4928K, used 4672K [0x234d0000, 0x23a20000, 0x28a20000)
  eden space 4416K, 100% used [0x234d0000, 0x23920000, 0x23920000)
  from space 512K,  50% used [0x23920000, 0x239602a8, 0x239a0000)
  to   space 512K,   0% used [0x239a0000, 0x239a0000, 0x23a20000)
 tenured generation   total 10944K, used 2971K [0x28a20000, 0x294d0000, 0x334d0000)
   the space 10944K,  27% used [0x28a20000, 0x28d06e38, 0x28d07000, 0x294d0000)
 compacting perm gen  total 12288K, used 3796K [0x334d0000, 0x340d0000, 0x374d0000)
   the space 12288K,  30% used [0x334d0000, 0x338852b8, 0x33885400, 0x340d0000)
    ro space 10240K,  42% used [0x374d0000, 0x37911d60, 0x37911e00, 0x37ed0000)
    rw space 12288K,  54% used [0x37ed0000, 0x38552928, 0x38552a00, 0x38ad0000)
Event: 7.012 GC heap after
Heap after GC invocations=5 (full 0):
 def new generation   total 4928K, used 350K [0x234d0000, 0x23a20000, 0x28a20000)
  eden space 4416K,   0% used [0x234d0000, 0x234d0000, 0x23920000)
  from space 512K,  68% used [0x239a0000, 0x239f7a98, 0x23a20000)
  to   space 512K,   0% used [0x23920000, 0x23920000, 0x239a0000)
 tenured generation   total 10944K, used 3106K [0x28a20000, 0x294d0000, 0x334d0000)
   the space 10944K,  28% used [0x28a20000, 0x28d28a90, 0x28d28c00, 0x294d0000)
 compacting perm gen  total 12288K, used 3796K [0x334d0000, 0x340d0000, 0x374d0000)
   the space 12288K,  30% used [0x334d0000, 0x338852b8, 0x33885400, 0x340d0000)
    ro space 10240K,  42% used [0x374d0000, 0x37911d60, 0x37911e00, 0x37ed0000)
    rw space 12288K,  54% used [0x37ed0000, 0x38552928, 0x38552a00, 0x38ad0000)
}
Event: 8.941 GC heap before
{Heap before GC invocations=5 (full 0):
 def new generation   total 4928K, used 4766K [0x234d0000, 0x23a20000, 0x28a20000)
  eden space 4416K, 100% used [0x234d0000, 0x23920000, 0x23920000)
  from space 512K,  68% used [0x239a0000, 0x239f7a98, 0x23a20000)
  to   space 512K,   0% used [0x23920000, 0x23920000, 0x239a0000)
 tenured generation   total 10944K, used 3106K [0x28a20000, 0x294d0000, 0x334d0000)
   the space 10944K,  28% used [0x28a20000, 0x28d28a90, 0x28d28c00, 0x294d0000)
 compacting perm gen  total 12288K, used 4034K [0x334d0000, 0x340d0000, 0x374d0000)
   the space 12288K,  32% used [0x334d0000, 0x338c0818, 0x338c0a00, 0x340d0000)
    ro space 10240K,  42% used [0x374d0000, 0x37911d60, 0x37911e00, 0x37ed0000)
    rw space 12288K,  54% used [0x37ed0000, 0x38552928, 0x38552a00, 0x38ad0000)
Event: 8.971 GC heap after
Heap after GC invocations=6 (full 0):
 def new generation   total 4928K, used 511K [0x234d0000, 0x23a20000, 0x28a20000)
  eden space 4416K,   0% used [0x234d0000, 0x234d0000, 0x23920000)
  from space 512K,  99% used [0x23920000, 0x2399fff8, 0x239a0000)
  to   space 512K,   0% used [0x239a0000, 0x239a0000, 0x23a20000)
 tenured generation   total 10944K, used 3561K [0x28a20000, 0x294d0000, 0x334d0000)
   the space 10944K,  32% used [0x28a20000, 0x28d9a5d0, 0x28d9a600, 0x294d0000)
 compacting perm gen  total 12288K, used 4034K [0x334d0000, 0x340d0000, 0x374d0000)
   the space 12288K,  32% used [0x334d0000, 0x338c0818, 0x338c0a00, 0x340d0000)
    ro space 10240K,  42% used [0x374d0000, 0x37911d60, 0x37911e00, 0x37ed0000)
    rw space 12288K,  54% used [0x37ed0000, 0x38552928, 0x38552a00, 0x38ad0000)
}
Event: 11.016 GC heap before
{Heap before GC invocations=6 (full 0):
 def new generation   total 4928K, used 3765K [0x234d0000, 0x23a20000, 0x28a20000)
  eden space 4416K,  73% used [0x234d0000, 0x237fd760, 0x23920000)
  from space 512K,  99% used [0x23920000, 0x2399fff8, 0x239a0000)
  to   space 512K,   0% used [0x239a0000, 0x239a0000, 0x23a20000)
 tenured generation   total 10944K, used 3561K [0x28a20000, 0x294d0000, 0x334d0000)
   the space 10944K,  32% used [0x28a20000, 0x28d9a5d0, 0x28d9a600, 0x294d0000)
 compacting perm gen  total 12288K, used 4204K [0x334d0000, 0x340d0000, 0x374d0000)
   the space 12288K,  34% used [0x334d0000, 0x338eb168, 0x338eb200, 0x340d0000)
    ro space 10240K,  42% used [0x374d0000, 0x37911d60, 0x37911e00, 0x37ed0000)
    rw space 12288K,  54% used [0x37ed0000, 0x38552928, 0x38552a00, 0x38ad0000)
Event: 11.044 GC heap after
Heap after GC invocations=7 (full 0):
 def new generation   total 4928K, used 373K [0x234d0000, 0x23a20000, 0x28a20000)
  eden space 4416K,   0% used [0x234d0000, 0x234d0000, 0x23920000)
  from space 512K,  72% used [0x239a0000, 0x239fd4a0, 0x23a20000)
  to   space 512K,   0% used [0x23920000, 0x23920000, 0x239a0000)
 tenured generation   total 10944K, used 5137K [0x28a20000, 0x294d0000, 0x334d0000)
   the space 10944K,  46% used [0x28a20000, 0x28f24550, 0x28f24600, 0x294d0000)
 compacting perm gen  total 12288K, used 4204K [0x334d0000, 0x340d0000, 0x374d0000)
   the space 12288K,  34% used [0x334d0000, 0x338eb168, 0x338eb200, 0x340d0000)
    ro space 10240K,  42% used [0x374d0000, 0x37911d60, 0x37911e00, 0x37ed0000)
    rw space 12288K,  54% used [0x37ed0000, 0x38552928, 0x38552a00, 0x38ad0000)
}
Event: 11.517 GC heap before
{Heap before GC invocations=7 (full 0):
 def new generation   total 4928K, used 4388K [0x234d0000, 0x23a20000, 0x28a20000)
  eden space 4416K,  90% used [0x234d0000, 0x238bbe88, 0x23920000)
  from space 512K,  72% used [0x239a0000, 0x239fd4a0, 0x23a20000)
  to   space 512K,   0% used [0x23920000, 0x23920000, 0x239a0000)
 tenured generation   total 10944K, used 5137K [0x28a20000, 0x294d0000, 0x334d0000)
   the space 10944K,  46% used [0x28a20000, 0x28f24550, 0x28f24600, 0x294d0000)
 compacting perm gen  total 12288K, used 4220K [0x334d0000, 0x340d0000, 0x374d0000)
   the space 12288K,  34% used [0x334d0000, 0x338ef140, 0x338ef200, 0x340d0000)
    ro space 10240K,  42% used [0x374d0000, 0x37911d60, 0x37911e00, 0x37ed0000)
    rw space 12288K,  54% used [0x37ed0000, 0x38552928, 0x38552a00, 0x38ad0000)
Event: 11.537 GC heap after
Heap after GC invocations=8 (full 0):
 def new generation   total 4928K, used 33K [0x234d0000, 0x23a20000, 0x28a20000)
  eden space 4416K,   0% used [0x234d0000, 0x234d0000, 0x23920000)
  from space 512K,   6% used [0x23920000, 0x239285d8, 0x239a0000)
  to   space 512K,   0% used [0x239a0000, 0x239a0000, 0x23a20000)
 tenured generation   total 10944K, used 8777K [0x28a20000, 0x294d0000, 0x334d0000)
   the space 10944K,  80% used [0x28a20000, 0x292b2518, 0x292b2600, 0x294d0000)
 compacting perm gen  total 12288K, used 4220K [0x334d0000, 0x340d0000, 0x374d0000)
   the space 12288K,  34% used [0x334d0000, 0x338ef140, 0x338ef200, 0x340d0000)
    ro space 10240K,  42% used [0x374d0000, 0x37911d60, 0x37911e00, 0x37ed0000)
    rw space 12288K,  54% used [0x37ed0000, 0x38552928, 0x38552a00, 0x38ad0000)
}

